[   72516ms] [LOG] [vite] server connection lost. Polling for restart... @ http://localhost:4321/@vite/client:1695
[35894358ms] [INFO] %cDownload the React DevTools for a better development experience: https://reactjs.org/link/react-devtools font-weight:bold @ http://localhost:4321/node_modules/.vite/deps/chunk-FZNE4JVR.js?v=f787bcd4:21608
[35894497ms] [ERROR] Failed to load resource: net::ERR_NAME_NOT_RESOLVED @ https://media.licdn.com/dms/image/v2/D4D03AQGv3E4OYbJhnw/profile-displayphoto-shrink_200_200/profile-displayphoto-shrink_200_200/0/1727266556771?e=1762387200&v=beta&t=Btr7rpRXIm1bK913kl97mZqr1BpLMawy73XtI0BvYIQ:0
[35894758ms] [ERROR] Failed to load resource: net::ERR_NAME_NOT_RESOLVED @ https://github.com/lucaspereirasouzat/nlwmoveitnext/raw/refs/heads/main/screenshots/image1.png:0
[35894758ms] [ERROR] Failed to load resource: net::ERR_NAME_NOT_RESOLVED @ https://media.licdn.com/dms/image/v2/D4D03AQGv3E4OYbJhnw/profile-displayphoto-shrink_200_200/profile-displayphoto-shrink_200_200/0/1727266556771?e=1762387200&v=beta&t=Btr7rpRXIm1bK913kl97mZqr1BpLMawy73XtI0BvYIQ:0
[35908854ms] [INFO] %cDownload the React DevTools for a better development experience: https://reactjs.org/link/react-devtools font-weight:bold @ http://localhost:4321/node_modules/.vite/deps/chunk-FZNE4JVR.js?v=f787bcd4:21608
[36026190ms] [INFO] %cDownload the React DevTools for a better development experience: https://reactjs.org/link/react-devtools font-weight:bold @ http://localhost:4321/node_modules/.vite/deps/chunk-FZNE4JVR.js?v=f787bcd4:21608
[36034161ms] [INFO] %cDownload the React DevTools for a better development experience: https://reactjs.org/link/react-devtools font-weight:bold @ http://localhost:4321/node_modules/.vite/deps/chunk-FZNE4JVR.js?v=f787bcd4:21608
[36122290ms] [INFO] %cDownload the React DevTools for a better development experience: https://reactjs.org/link/react-devtools font-weight:bold @ http://localhost:4321/node_modules/.vite/deps/chunk-FZNE4JVR.js?v=f787bcd4:21608
[36136685ms] [INFO] %cDownload the React DevTools for a better development experience: https://reactjs.org/link/react-devtools font-weight:bold @ http://localhost:4321/node_modules/.vite/deps/chunk-FZNE4JVR.js?v=f787bcd4:21608
[41715563ms] [LOG] [vite] server connection lost. Polling for restart... @ http://localhost:4321/@vite/client:1695
[44214215ms] [INFO] %cDownload the React DevTools for a better development experience: https://reactjs.org/link/react-devtools font-weight:bold @ http://localhost:4321/node_modules/.vite/deps/chunk-FZNE4JVR.js?v=f787bcd4:21608
[44214320ms] [ERROR] Failed to load resource: net::ERR_NAME_NOT_RESOLVED @ https://media.licdn.com/dms/image/v2/D4D03AQGv3E4OYbJhnw/profile-displayphoto-shrink_200_200/profile-displayphoto-shrink_200_200/0/1727266556771?e=1762387200&v=beta&t=Btr7rpRXIm1bK913kl97mZqr1BpLMawy73XtI0BvYIQ:0
[44214351ms] [ERROR] Failed to load resource: net::ERR_NAME_NOT_RESOLVED @ https://github.com/lucaspereirasouzat/nlwmoveitnext/raw/refs/heads/main/screenshots/image1.png:0
[44214358ms] [ERROR] Failed to load resource: net::ERR_NAME_NOT_RESOLVED @ https://media.licdn.com/dms/image/v2/D4D03AQGv3E4OYbJhnw/profile-displayphoto-shrink_200_200/profile-displayphoto-shrink_200_200/0/1727266556771?e=1762387200&v=beta&t=Btr7rpRXIm1bK913kl97mZqr1BpLMawy73XtI0BvYIQ:0
[44219906ms] [LOG] [vite] server connection lost. Polling for restart... @ http://localhost:4321/@vite/client:1695
[44220013ms] [INFO] %cDownload the React DevTools for a better development experience: https://reactjs.org/link/react-devtools font-weight:bold @ http://localhost:4321/node_modules/.vite/deps/chunk-FZNE4JVR.js?v=f787bcd4:21608
[44596763ms] [ERROR] Failed to load resource: net::ERR_NAME_NOT_RESOLVED @ https://media.licdn.com/dms/image/v2/D4D03AQGv3E4OYbJhnw/profile-displayphoto-shrink_200_200/profile-displayphoto-shrink_200_200/0/1727266556771?e=1762387200&v=beta&t=Btr7rpRXIm1bK913kl97mZqr1BpLMawy73XtI0BvYIQ:0
[44596780ms] [ERROR] Failed to load resource: net::ERR_NAME_NOT_RESOLVED @ https://github.com/lucaspereirasouzat/nlwmoveitnext/raw/refs/heads/main/screenshots/image1.png:0
[44596814ms] [ERROR] Failed to load resource: net::ERR_NAME_NOT_RESOLVED @ https://media.licdn.com/dms/image/v2/D4D03AQGv3E4OYbJhnw/profile-displayphoto-shrink_200_200/profile-displayphoto-shrink_200_200/0/1727266556771?e=1762387200&v=beta&t=Btr7rpRXIm1bK913kl97mZqr1BpLMawy73XtI0BvYIQ:0
[44596815ms] [ERROR] Failed to load resource: net::ERR_NAME_NOT_RESOLVED @ https://github.com/lucaspereirasouzat/nlwmoveitnext/raw/refs/heads/main/screenshots/image1.png:0
[53097626ms] [LOG] [vite] server connection lost. Polling for restart... @ http://localhost:4321/@vite/client:1695
[55831679ms] [INFO] %cDownload the React DevTools for a better development experience: https://reactjs.org/link/react-devtools font-weight:bold @ http://localhost:4321/node_modules/.vite/deps/chunk-FZNE4JVR.js?v=f787bcd4:21608
[55831738ms] [ERROR] Failed to load resource: net::ERR_NAME_NOT_RESOLVED @ https://media.licdn.com/dms/image/v2/D4D03AQGv3E4OYbJhnw/profile-displayphoto-shrink_200_200/profile-displayphoto-shrink_200_200/0/1727266556771?e=1762387200&v=beta&t=Btr7rpRXIm1bK913kl97mZqr1BpLMawy73XtI0BvYIQ:0
[55831741ms] [ERROR] Failed to load resource: net::ERR_NAME_NOT_RESOLVED @ https://github.com/lucaspereirasouzat/nlwmoveitnext/raw/refs/heads/main/screenshots/image1.png:0
[56846600ms] [INFO] %cDownload the React DevTools for a better development experience: https://reactjs.org/link/react-devtools font-weight:bold @ http://localhost:4321/node_modules/.vite/deps/chunk-FZNE4JVR.js?v=f787bcd4:21608
[58033641ms] [LOG] [vite] server connection lost. Polling for restart... @ http://localhost:4321/@vite/client:1695
[60896198ms] [INFO] %cDownload the React DevTools for a better development experience: https://reactjs.org/link/react-devtools font-weight:bold @ http://localhost:4321/node_modules/.vite/deps/chunk-FZNE4JVR.js?v=f787bcd4:21608
[60896625ms] [ERROR] Failed to load resource: net::ERR_NAME_NOT_RESOLVED @ https://media.licdn.com/dms/image/v2/D4D03AQGv3E4OYbJhnw/profile-displayphoto-shrink_200_200/profile-displayphoto-shrink_200_200/0/1727266556771?e=1762387200&v=beta&t=Btr7rpRXIm1bK913kl97mZqr1BpLMawy73XtI0BvYIQ:0
[60897005ms] [ERROR] Failed to load resource: net::ERR_NAME_NOT_RESOLVED @ https://github.com/lucaspereirasouzat/nlwmoveitnext/raw/refs/heads/main/screenshots/image1.png:0
[60897031ms] [ERROR] Failed to load resource: net::ERR_NAME_NOT_RESOLVED @ https://media.licdn.com/dms/image/v2/D4D03AQGv3E4OYbJhnw/profile-displayphoto-shrink_200_200/profile-displayphoto-shrink_200_200/0/1727266556771?e=1762387200&v=beta&t=Btr7rpRXIm1bK913kl97mZqr1BpLMawy73XtI0BvYIQ:0
