[   10239ms] [ERROR] Refused to get unsafe header "X-Sg-Cs" @ https://www.google.com/search?q=portifolios+web+exemplos&oq=portifolios+web+exemplos&gs_lcrp=EgZjaHJvbWUyBggAEEUYOTIJCAEQIRgKGKAB0gEINzM5M2owajeoAgCwAgA&sourceid=chrome&ie=UTF-8&sei=XIc3ao6GMJfa5OUPn-f1oQE:57
[   10239ms] [ERROR] Refused to get unsafe header "X-Sorry-Redirect" @ https://www.google.com/search?q=portifolios+web+exemplos&oq=portifolios+web+exemplos&gs_lcrp=EgZjaHJvbWUyBggAEEUYOTIJCAEQIRgKGKAB0gEINzM5M2owajeoAgCwAgA&sourceid=chrome&ie=UTF-8&sei=XIc3ao6GMJfa5OUPn-f1oQE:57
[   11133ms] [ERROR] Refused to get unsafe header "X-Sg-Cs" @ https://www.google.com/search?q=portifolios+web+exemplos&oq=portifolios+web+exemplos&gs_lcrp=EgZjaHJvbWUyBggAEEUYOTIJCAEQIRgKGKAB0gEINzM5M2owajeoAgCwAgA&sourceid=chrome&ie=UTF-8&sei=XIc3ao6GMJfa5OUPn-f1oQE:57
[   11133ms] [ERROR] Refused to get unsafe header "X-Sorry-Redirect" @ https://www.google.com/search?q=portifolios+web+exemplos&oq=portifolios+web+exemplos&gs_lcrp=EgZjaHJvbWUyBggAEEUYOTIJCAEQIRgKGKAB0gEINzM5M2owajeoAgCwAgA&sourceid=chrome&ie=UTF-8&sei=XIc3ao6GMJfa5OUPn-f1oQE:57
[   11235ms] [ERROR] Refused to get unsafe header "X-Sg-Cs" @ https://www.google.com/search?q=portifolios+web+exemplos&oq=portifolios+web+exemplos&gs_lcrp=EgZjaHJvbWUyBggAEEUYOTIJCAEQIRgKGKAB0gEINzM5M2owajeoAgCwAgA&sourceid=chrome&ie=UTF-8&sei=XIc3ao6GMJfa5OUPn-f1oQE:57
[   11235ms] [ERROR] Refused to get unsafe header "X-Sorry-Redirect" @ https://www.google.com/search?q=portifolios+web+exemplos&oq=portifolios+web+exemplos&gs_lcrp=EgZjaHJvbWUyBggAEEUYOTIJCAEQIRgKGKAB0gEINzM5M2owajeoAgCwAgA&sourceid=chrome&ie=UTF-8&sei=XIc3ao6GMJfa5OUPn-f1oQE:57
[   13831ms] [WARNING]   WARN  [Statsig] Attempting to retrieve a StatsigClient but none was set. @ https://www.figma.com/_netlify/_next/static/chunks/3914-e7f52383cb41fb99.js:4
[   15242ms] [LOG] Running frontend commit 0b3e65b1fed4e1414500fb2ec462c1bc0a64ce3e @ https://www.figma.com/login_iframe?locale=pt-br&type=insert&autofocus=false&form_state=sign_in:497
[   15444ms] [WARNING] Statsig is not ready to log exposures, will retry in 1 seconds @ https://www.figma.com/webpack-artifacts/assets/vendor-core-7f0e1c79477bf69e.min.js.br:53
[   15819ms] [ERROR] Failed to load resource: the server responded with a status of 401 () @ https://www.figma.com/api/statsig/v1_ruleset:0
[   15820ms] [ERROR] Failed to fetch v1 ruleset: R: XHR for "/api/statsig/v1_ruleset" failed with status 401
    at N (https://www.figma.com/webpack-artifacts/assets/618-f583449fb961bec1.min.js.br:29:13763)
    at async Object.x [as get] (https://www.figma.com/webpack-artifacts/assets/618-f583449fb961bec1.min.js.br:29:14145)
    at async https://www.figma.com/webpack-artifacts/assets/618-f583449fb961bec1.min.js.br:7:116441
    at async u.validate (https://www.figma.com/webpack-artifacts/assets/618-f583449fb961bec1.min.js.br:9:7542)
    at async E (https://www.figma.com/webpack-artifacts/assets/618-f583449fb961bec1.min.js.br:7:426023)
    at async f (https://www.figma.com/webpack-artifacts/assets/618-f583449fb961bec1.min.js.br:7:425227)
    at async Object.write (https://www.figma.com/webpack-artifacts/assets/618-f583449fb961bec1.min.js.br:7:424846) @ https://www.figma.com/webpack-artifacts/assets/vendor-core-7f0e1c79477bf69e.min.js.br:53
[   18822ms] [WARNING] The resource https://www.figma.com/i18n-artifacts/locales/0e235e596c942f89b8e2adec669fc48872580b01 was preloaded using link preload but not used within a few seconds from the window's load event. Please make sure it has an appropriate `as` value and it is preloaded intentionally. @ https://www.figma.com/login_iframe?locale=pt-br&type=insert&autofocus=false&form_state=sign_in:0
[   19890ms] [WARNING] The resource https://www.figma.com/_netlify/_next/static/media/rive.ac4ff0e0.wasm was preloaded using link preload but not used within a few seconds from the window's load event. Please make sure it has an appropriate `as` value and it is preloaded intentionally. @ https://www.figma.com/pt-br/resource-library/exemplos-sites-portfolio/:0
[   24963ms] [WARNING] [GSI_LOGGER]: Your client application uses one of the Google One Tap prompt UI status methods that may stop functioning when FedCM becomes mandatory. Refer to the migration guide to update your code accordingly and opt-in to FedCM to test your changes. Learn more: https://developers.google.com/identity/gsi/web/guides/fedcm-migration?s=dc#display_moment and https://developers.google.com/identity/gsi/web/guides/fedcm-migration?s=dc#skipped_moment @ https://www.figma.com/_netlify/_next/static/chunks/3914-e7f52383cb41fb99.js:4
[   24964ms] [ERROR] Not signed in with the identity provider. @ https://www.figma.com/pt-br/resource-library/exemplos-sites-portfolio/:0
[   25105ms] [ERROR] Failed to load resource: the server responded with a status of 404 () @ https://marketing.figma.com/pt-br/resource-library/exemplos-sites-portfolio/?referrer=https%3A%2F%2Fwww.google.com%2F&gpc_code=br_sp:0
[   27232ms] [WARNING] The resource https://www.figma.com/_netlify/_next/static/media/rive.ac4ff0e0.wasm was preloaded using link preload but not used within a few seconds from the window's load event. Please make sure it has an appropriate `as` value and it is preloaded intentionally. @ https://www.figma.com/pt-br/resource-library/exemplos-sites-portfolio/:0
[   28674ms] [ERROR] [GSI_LOGGER]: FedCM get() rejects with NetworkError: Error retrieving a token. @ https://www.figma.com/_netlify/_next/static/chunks/3914-e7f52383cb41fb99.js:4
[   30455ms] [WARNING] pixel already configured. @ https://pixel.byspotify.com/ping.min.js:0
[   30457ms] [WARNING] pixel already configured. @ https://pixel.byspotify.com/ping.min.js:0
[   35686ms] [WARNING] The resource https://www.figma.com/i18n-artifacts/locales/0e235e596c942f89b8e2adec669fc48872580b01 was preloaded using link preload but not used within a few seconds from the window's load event. Please make sure it has an appropriate `as` value and it is preloaded intentionally. @ https://www.figma.com/login_iframe?locale=pt-br&type=insert&autofocus=false&form_state=sign_in:0
[   35686ms] [WARNING] The resource https://www.figma.com/_netlify/_next/static/media/rive.ac4ff0e0.wasm was preloaded using link preload but not used within a few seconds from the window's load event. Please make sure it has an appropriate `as` value and it is preloaded intentionally. @ https://www.figma.com/pt-br/resource-library/exemplos-sites-portfolio/:0
[   42133ms] [WARNING] The resource https://www.figma.com/_netlify/_next/static/media/rive.ac4ff0e0.wasm was preloaded using link preload but not used within a few seconds from the window's load event. Please make sure it has an appropriate `as` value and it is preloaded intentionally. @ https://www.figma.com/pt-br/resource-library/exemplos-sites-portfolio/:0
[   47642ms] [WARNING] The resource https://www.figma.com/_netlify/_next/static/media/rive.ac4ff0e0.wasm was preloaded using link preload but not used within a few seconds from the window's load event. Please make sure it has an appropriate `as` value and it is preloaded intentionally. @ https://www.figma.com/pt-br/resource-library/exemplos-sites-portfolio/:0
[   90396ms] [WARNING] The resource https://www.figma.com/_netlify/_next/static/media/rive.ac4ff0e0.wasm was preloaded using link preload but not used within a few seconds from the window's load event. Please make sure it has an appropriate `as` value and it is preloaded intentionally. @ https://www.figma.com/pt-br/resource-library/exemplos-sites-portfolio/:0
[   96689ms] [WARNING] The resource https://www.figma.com/i18n-artifacts/locales/0e235e596c942f89b8e2adec669fc48872580b01 was preloaded using link preload but not used within a few seconds from the window's load event. Please make sure it has an appropriate `as` value and it is preloaded intentionally. @ https://www.figma.com/login_iframe?locale=pt-br&type=insert&autofocus=false&form_state=sign_in:0
[   96689ms] [WARNING] The resource https://www.figma.com/_netlify/_next/static/media/rive.ac4ff0e0.wasm was preloaded using link preload but not used within a few seconds from the window's load event. Please make sure it has an appropriate `as` value and it is preloaded intentionally. @ https://www.figma.com/pt-br/resource-library/exemplos-sites-portfolio/:0
[  151390ms] [WARNING] The resource https://www.figma.com/_netlify/_next/static/media/rive.ac4ff0e0.wasm was preloaded using link preload but not used within a few seconds from the window's load event. Please make sure it has an appropriate `as` value and it is preloaded intentionally. @ https://www.figma.com/pt-br/resource-library/exemplos-sites-portfolio/:0
[  157683ms] [WARNING] The resource https://www.figma.com/i18n-artifacts/locales/0e235e596c942f89b8e2adec669fc48872580b01 was preloaded using link preload but not used within a few seconds from the window's load event. Please make sure it has an appropriate `as` value and it is preloaded intentionally. @ https://www.figma.com/login_iframe?locale=pt-br&type=insert&autofocus=false&form_state=sign_in:0
[  157683ms] [WARNING] The resource https://www.figma.com/_netlify/_next/static/media/rive.ac4ff0e0.wasm was preloaded using link preload but not used within a few seconds from the window's load event. Please make sure it has an appropriate `as` value and it is preloaded intentionally. @ https://www.figma.com/pt-br/resource-library/exemplos-sites-portfolio/:0
[  212387ms] [WARNING] The resource https://www.figma.com/_netlify/_next/static/media/rive.ac4ff0e0.wasm was preloaded using link preload but not used within a few seconds from the window's load event. Please make sure it has an appropriate `as` value and it is preloaded intentionally. @ https://www.figma.com/pt-br/resource-library/exemplos-sites-portfolio/:0
[  218683ms] [WARNING] The resource https://www.figma.com/i18n-artifacts/locales/0e235e596c942f89b8e2adec669fc48872580b01 was preloaded using link preload but not used within a few seconds from the window's load event. Please make sure it has an appropriate `as` value and it is preloaded intentionally. @ https://www.figma.com/login_iframe?locale=pt-br&type=insert&autofocus=false&form_state=sign_in:0
[  218683ms] [WARNING] The resource https://www.figma.com/_netlify/_next/static/media/rive.ac4ff0e0.wasm was preloaded using link preload but not used within a few seconds from the window's load event. Please make sure it has an appropriate `as` value and it is preloaded intentionally. @ https://www.figma.com/pt-br/resource-library/exemplos-sites-portfolio/:0
[  273396ms] [WARNING] The resource https://www.figma.com/_netlify/_next/static/media/rive.ac4ff0e0.wasm was preloaded using link preload but not used within a few seconds from the window's load event. Please make sure it has an appropriate `as` value and it is preloaded intentionally. @ https://www.figma.com/pt-br/resource-library/exemplos-sites-portfolio/:0
[  279687ms] [WARNING] The resource https://www.figma.com/i18n-artifacts/locales/0e235e596c942f89b8e2adec669fc48872580b01 was preloaded using link preload but not used within a few seconds from the window's load event. Please make sure it has an appropriate `as` value and it is preloaded intentionally. @ https://www.figma.com/login_iframe?locale=pt-br&type=insert&autofocus=false&form_state=sign_in:0
[  279687ms] [WARNING] The resource https://www.figma.com/_netlify/_next/static/media/rive.ac4ff0e0.wasm was preloaded using link preload but not used within a few seconds from the window's load event. Please make sure it has an appropriate `as` value and it is preloaded intentionally. @ https://www.figma.com/pt-br/resource-library/exemplos-sites-portfolio/:0
[36145882ms] [ERROR] Failed to load resource: net::ERR_NAME_NOT_RESOLVED @ https://t.clarity.ms/collect:0
[36148883ms] [WARNING] The resource https://www.figma.com/_netlify/_next/static/media/rive.ac4ff0e0.wasm was preloaded using link preload but not used within a few seconds from the window's load event. Please make sure it has an appropriate `as` value and it is preloaded intentionally. @ https://www.figma.com/pt-br/resource-library/exemplos-sites-portfolio/:0
[36154945ms] [WARNING] The resource https://www.figma.com/i18n-artifacts/locales/0e235e596c942f89b8e2adec669fc48872580b01 was preloaded using link preload but not used within a few seconds from the window's load event. Please make sure it has an appropriate `as` value and it is preloaded intentionally. @ https://www.figma.com/login_iframe?locale=pt-br&type=insert&autofocus=false&form_state=sign_in:0
[36154945ms] [WARNING] The resource https://www.figma.com/_netlify/_next/static/media/rive.ac4ff0e0.wasm was preloaded using link preload but not used within a few seconds from the window's load event. Please make sure it has an appropriate `as` value and it is preloaded intentionally. @ https://www.figma.com/pt-br/resource-library/exemplos-sites-portfolio/:0
[40134133ms] [WARNING] The resource https://www.figma.com/_netlify/_next/static/media/rive.ac4ff0e0.wasm was preloaded using link preload but not used within a few seconds from the window's load event. Please make sure it has an appropriate `as` value and it is preloaded intentionally. @ https://www.figma.com/pt-br/resource-library/exemplos-sites-portfolio/:0
[40139493ms] [WARNING] The resource https://www.figma.com/_netlify/_next/static/media/rive.ac4ff0e0.wasm was preloaded using link preload but not used within a few seconds from the window's load event. Please make sure it has an appropriate `as` value and it is preloaded intentionally. @ https://www.figma.com/pt-br/resource-library/exemplos-sites-portfolio/:0
